npm WARN deprecated minimatch@2.0.10: Please update to minimatch 3.0.2 or higher to avoid a RegExp DoS issue
npm WARN prefer global marked@0.3.6 should be installed with -g
npm WARN prefer global npm@2.15.5 should be installed with -g
npm WARN prefer global jshint@2.9.4 should be installed with -g

> spawn-sync@1.0.15 postinstall /home/fv/Code/vegetable-insults-new/node_modules/spawn-sync
> node postinstall

vegetable_insults_new@0.0.0 /home/fv/Code/vegetable-insults-new
├─┬ broccoli-asset-rev@2.5.0 
│ ├── broccoli-asset-rewrite@1.1.0 
│ ├─┬ broccoli-filter@1.2.4 
│ │ ├─┬ broccoli-kitchen-sink-helpers@0.3.1 
│ │ │ └── glob@5.0.15 
│ │ ├── broccoli-plugin@1.2.2 
│ │ ├── copy-dereference@1.0.0 
│ │ ├─┬ mkdirp@0.5.1 
│ │ │ └── minimist@0.0.8 
│ │ └── walk-sync@0.3.1 
│ ├─┬ json-stable-stringify@1.0.1 
│ │ └── jsonify@0.0.0 
│ ├── matcher-collection@1.0.4 
│ └── rsvp@3.3.3 
├── ember-ajax@2.5.2 
├─┬ ember-cli@2.8.0 
│ ├─┬ amd-name-resolver@0.0.5 
│ │ └── ensure-posix-path@1.0.2 
│ ├── bower@1.7.9 
│ ├─┬ bower-config@1.4.0 
│ │ ├── graceful-fs@4.1.10 
│ │ ├── mout@1.0.0 
│ │ ├─┬ optimist@0.6.1 
│ │ │ └── wordwrap@0.0.2 
│ │ ├─┬ osenv@0.1.3 
│ │ │ └── os-homedir@1.0.2 
│ │ └── untildify@2.1.0 
│ ├── bower-endpoint-parser@0.2.2 
│ ├─┬ broccoli-babel-transpiler@5.6.1 
│ │ ├─┬ babel-core@5.8.38 
│ │ │ ├── babel-plugin-constant-folding@1.0.1 
│ │ │ ├── babel-plugin-dead-code-elimination@1.0.2 
│ │ │ ├── babel-plugin-eval@1.0.1 
│ │ │ ├── babel-plugin-inline-environment-variables@1.0.1 
│ │ │ ├── babel-plugin-jscript@1.0.4 
│ │ │ ├── babel-plugin-member-expression-literals@1.0.1 
│ │ │ ├── babel-plugin-property-literals@1.0.1 
│ │ │ ├── babel-plugin-proto-to-assign@1.0.4 
│ │ │ ├── babel-plugin-react-constant-elements@1.0.3 
│ │ │ ├── babel-plugin-react-display-name@1.0.3 
│ │ │ ├── babel-plugin-remove-console@1.0.1 
│ │ │ ├── babel-plugin-remove-debugger@1.0.1 
│ │ │ ├── babel-plugin-runtime@1.0.7 
│ │ │ ├─┬ babel-plugin-undeclared-variables-check@1.0.2 
│ │ │ │ └── leven@1.0.2 
│ │ │ ├── babel-plugin-undefined-to-void@1.1.6 
│ │ │ ├── babylon@5.8.38 
│ │ │ ├── bluebird@2.11.0 
│ │ │ ├── convert-source-map@1.3.0 
│ │ │ ├── core-js@1.2.7 
│ │ │ ├─┬ detect-indent@3.0.1 
│ │ │ │ ├── get-stdin@4.0.1 
│ │ │ │ └── minimist@1.2.0 
│ │ │ ├── esutils@2.0.2 
│ │ │ ├── fs-readdir-recursive@0.1.2 
│ │ │ ├── globals@6.4.1 
│ │ │ ├─┬ home-or-tmp@1.0.0 
│ │ │ │ └── user-home@1.1.1 
│ │ │ ├─┬ is-integer@1.0.6 
│ │ │ │ └── is-finite@1.0.2 
│ │ │ ├── js-tokens@1.0.1 
│ │ │ ├── json5@0.4.0 
│ │ │ ├── minimatch@2.0.10 
│ │ │ ├── output-file-sync@1.1.2 
│ │ │ ├── path-exists@1.0.0 
│ │ │ ├── private@0.1.6 
│ │ │ ├─┬ regenerator@0.8.40 
│ │ │ │ ├─┬ commoner@0.10.4 
│ │ │ │ │ ├─┬ detective@4.3.2 
│ │ │ │ │ │ ├── acorn@3.3.0 
│ │ │ │ │ │ └── defined@1.0.0 
│ │ │ │ │ └── q@1.4.1 
│ │ │ │ ├─┬ defs@1.1.1 
│ │ │ │ │ ├─┬ alter@0.2.0 
│ │ │ │ │ │ └── stable@0.1.5 
│ │ │ │ │ ├── ast-traverse@0.1.1 
│ │ │ │ │ ├── breakable@1.0.0 
│ │ │ │ │ ├── simple-fmt@0.1.0 
│ │ │ │ │ ├── simple-is@0.2.0 
│ │ │ │ │ ├── stringmap@0.2.2 
│ │ │ │ │ ├── stringset@0.2.1 
│ │ │ │ │ ├── tryor@0.1.2 
│ │ │ │ │ └─┬ yargs@3.27.0 
│ │ │ │ │   ├─┬ os-locale@1.4.0 
│ │ │ │ │   │ └─┬ lcid@1.0.0 
│ │ │ │ │   │   └── invert-kv@1.0.0 
│ │ │ │ │   ├── window-size@0.1.4 
│ │ │ │ │   └── y18n@3.2.1 
│ │ │ │ ├── esprima-fb@15001.1001.0-dev-harmony-fb 
│ │ │ │ └─┬ recast@0.10.33 
│ │ │ │   └── ast-types@0.8.12 
│ │ │ ├─┬ regexpu@1.3.0 
│ │ │ │ ├── esprima@2.7.3 
│ │ │ │ ├── regenerate@1.3.1 
│ │ │ │ ├── regjsgen@0.2.0 
│ │ │ │ └─┬ regjsparser@0.1.5 
│ │ │ │   └── jsesc@0.5.0 
│ │ │ ├── repeating@1.1.3 
│ │ │ ├── shebang-regex@1.0.0 
│ │ │ ├── slash@1.0.0 
│ │ │ ├── source-map@0.5.6 
│ │ │ ├─┬ source-map-support@0.2.10 
│ │ │ │ └── source-map@0.1.32 
│ │ │ ├── to-fast-properties@1.0.2 
│ │ │ ├── trim-right@1.0.1 
│ │ │ └── try-resolve@1.0.1 
│ │ └── clone@0.2.0 
│ ├─┬ broccoli-concat@2.3.8 
│ │ ├─┬ broccoli-caching-writer@2.3.1 
│ │ │ ├── broccoli-kitchen-sink-helpers@0.2.9 
│ │ │ ├── broccoli-plugin@1.1.0 
│ │ │ └── walk-sync@0.2.7 
│ │ ├── broccoli-stew@1.4.0 
│ │ ├─┬ fast-sourcemap-concat@1.1.0 
│ │ │ ├─┬ chalk@0.5.1 
│ │ │ │ ├── ansi-styles@1.1.0 
│ │ │ │ ├─┬ has-ansi@0.1.0 
│ │ │ │ │ └── ansi-regex@0.2.1 
│ │ │ │ ├── strip-ansi@0.3.0 
│ │ │ │ └── supports-color@0.2.0 
│ │ │ ├─┬ memory-streams@0.1.0 
│ │ │ │ └── readable-stream@1.0.34 
│ │ │ └─┬ source-map@0.4.4 
│ │ │   └── amdefine@1.0.1 
│ │ ├── lodash.merge@4.6.0 
│ │ ├── lodash.omit@4.5.0 
│ │ └── lodash.uniq@4.5.0 
│ ├── broccoli-config-loader@1.0.0 
│ ├─┬ broccoli-config-replace@1.1.2 
│ │ └── fs-extra@0.24.0 
│ ├─┬ broccoli-funnel@1.0.8 
│ │ ├── array-equal@1.0.0 
│ │ ├── blank-object@1.0.2 
│ │ ├── fast-ordered-set@1.0.3 
│ │ ├── heimdalljs@0.2.1 
│ │ ├── path-posix@1.0.0 
│ │ └─┬ rimraf@2.5.4 
│ │   └── glob@7.1.1 
│ ├── broccoli-funnel-reducer@1.0.0 
│ ├─┬ broccoli-merge-trees@1.1.4 
│ │ ├─┬ can-symlink@1.0.0 
│ │ │ └── tmp@0.0.28 
│ │ └── heimdalljs-logger@0.1.7 
│ ├─┬ broccoli-sane-watcher@1.1.5 
│ │ └── broccoli-slow-trees@1.1.0 
│ ├── broccoli-source@1.1.0 
│ ├── broccoli-viz@2.0.1 
│ ├─┬ chalk@1.1.3 
│ │ ├── ansi-styles@2.2.1 
│ │ ├─┬ has-ansi@2.0.0 
│ │ │ └── ansi-regex@2.0.0 
│ │ ├── strip-ansi@3.0.1 
│ │ └── supports-color@2.0.0 
│ ├── clean-base-url@1.0.0 
│ ├─┬ compression@1.6.2 
│ │ ├─┬ accepts@1.3.3 
│ │ │ ├── mime-types@2.1.12 
│ │ │ └── negotiator@0.6.1 
│ │ ├── bytes@2.3.0 
│ │ ├─┬ compressible@2.0.9 
│ │ │ └── mime-db@1.24.0 
│ │ ├── on-headers@1.0.1 
│ │ └── vary@1.1.0 
│ ├─┬ configstore@2.1.0 
│ │ ├─┬ dot-prop@3.0.0 
│ │ │ └── is-obj@1.0.1 
│ │ ├── object-assign@4.1.0 
│ │ ├── os-tmpdir@1.0.2 
│ │ ├── uuid@2.0.3 
│ │ ├─┬ write-file-atomic@1.2.0 
│ │ │ ├── imurmurhash@0.1.4 
│ │ │ └── slide@1.1.6 
│ │ └── xdg-basedir@2.0.0 
│ ├── core-object@2.0.6 
│ ├─┬ debug@2.2.0 
│ │ └── ms@0.7.1 
│ ├── diff@1.4.0 
│ ├─┬ ember-cli-broccoli@0.16.10 
│ │ ├── broccoli-kitchen-sink-helpers@0.2.9 
│ │ ├─┬ commander@2.9.0 
│ │ │ └── graceful-readlink@1.0.1 
│ │ ├── connect@3.5.0 
│ │ ├─┬ findup-sync@0.2.1 
│ │ │ └─┬ glob@4.3.5 
│ │ │   └── minimatch@2.0.10 
│ │ ├─┬ handlebars@4.0.5 
│ │ │ └── source-map@0.4.4 
│ │ ├── mime@1.3.4 
│ │ └─┬ quick-temp@0.1.6 
│ │   ├── mktemp@0.4.0 
│ │   └── rimraf@2.2.8 
│ ├── ember-cli-get-component-path-option@1.0.0 
│ ├── ember-cli-is-package-missing@1.0.0 
│ ├─┬ ember-cli-legacy-blueprints@0.1.2 
│ │ ├── ember-cli-get-dependency-depth@1.0.0 
│ │ ├── ember-cli-valid-component-name@1.0.0 
│ │ ├─┬ ember-router-generator@1.2.2 
│ │ │ └─┬ recast@0.11.15 
│ │ │   ├── ast-types@0.9.0 
│ │ │   └── esprima@3.1.1 
│ │ └── fs-extra@0.24.0 
│ ├── ember-cli-lodash-subset@1.0.11 
│ ├── ember-cli-normalize-entity-name@1.0.0 
│ ├─┬ ember-cli-preprocess-registry@2.0.0 
│ │ ├─┬ broccoli-clean-css@1.1.0 
│ │ │ ├─┬ clean-css-promise@0.1.1 
│ │ │ │ ├─┬ array-to-error@1.1.1 
│ │ │ │ │ └── array-to-sentence@1.1.0 
│ │ │ │ └─┬ clean-css@3.4.20 
│ │ │ │   ├── commander@2.8.1 
│ │ │ │   └── source-map@0.4.4 
│ │ │ └─┬ inline-source-map-comment@1.0.5 
│ │ │   ├── minimist@1.2.0 
│ │ │   ├── sum-up@1.0.3 
│ │ │   └── xtend@4.0.1 
│ │ ├── lodash@3.10.1 
│ │ └── process-relative-require@1.0.0 
│ ├── ember-cli-string-utils@1.0.0 
│ ├─┬ ember-try@0.2.8 
│ │ ├─┬ cli-table2@0.2.0 
│ │ │ └── colors@1.1.2 
│ │ ├── core-object@1.1.0 
│ │ ├─┬ ember-try-config@2.1.0 
│ │ │ ├── lodash@4.16.6 
│ │ │ ├─┬ node-fetch@1.6.3 
│ │ │ │ ├── encoding@0.1.12 
│ │ │ │ └── is-stream@1.1.0 
│ │ │ └── semver@5.3.0 
│ │ ├── extend@3.0.0 
│ │ ├── fs-extra@0.26.7 
│ │ ├── semver@5.3.0 
│ │ └── sync-exec@0.6.2 
│ ├── escape-string-regexp@1.0.5 
│ ├── exists-sync@0.0.3 
│ ├── exit@0.1.2 
│ ├─┬ express@4.14.0 
│ │ ├── array-flatten@1.1.1 
│ │ ├── content-disposition@0.5.1 
│ │ ├── content-type@1.0.2 
│ │ ├── cookie@0.3.1 
│ │ ├── cookie-signature@1.0.6 
│ │ ├── depd@1.1.0 
│ │ ├── encodeurl@1.0.1 
│ │ ├── escape-html@1.0.3 
│ │ ├── etag@1.7.0 
│ │ ├─┬ finalhandler@0.5.0 
│ │ │ ├── statuses@1.3.0 
│ │ │ └── unpipe@1.0.0 
│ │ ├── fresh@0.3.0 
│ │ ├── merge-descriptors@1.0.1 
│ │ ├── methods@1.1.2 
│ │ ├─┬ on-finished@2.3.0 
│ │ │ └── ee-first@1.1.1 
│ │ ├── parseurl@1.3.1 
│ │ ├── path-to-regexp@0.1.7 
│ │ ├─┬ proxy-addr@1.1.2 
│ │ │ ├── forwarded@0.1.0 
│ │ │ └── ipaddr.js@1.1.1 
│ │ ├── qs@6.2.0 
│ │ ├── range-parser@1.2.0 
│ │ ├─┬ send@0.14.1 
│ │ │ ├── destroy@1.0.4 
│ │ │ └─┬ http-errors@1.5.0 
│ │ │   ├── inherits@2.0.1 
│ │ │   └── setprototypeof@1.0.1 
│ │ ├── serve-static@1.11.1 
│ │ ├─┬ type-is@1.6.13 
│ │ │ └── media-typer@0.3.0 
│ │ └── utils-merge@1.0.0 
│ ├── filesize@3.3.0 
│ ├─┬ find-up@1.1.2 
│ │ ├── path-exists@2.1.0 
│ │ └─┬ pinkie-promise@2.0.1 
│ │   └── pinkie@2.0.4 
│ ├─┬ fs-extra@0.30.0 
│ │ ├── jsonfile@2.4.0 
│ │ └── klaw@1.3.1 
│ ├── fs-monitor-stack@1.1.1 
│ ├── fs-tree-diff@0.5.3 
│ ├── get-caller-file@1.0.2 
│ ├── git-repo-info@1.3.1 
│ ├─┬ glob@7.0.5 
│ │ ├── fs.realpath@1.0.0 
│ │ ├─┬ inflight@1.0.6 
│ │ │ └── wrappy@1.0.2 
│ │ ├── inherits@2.0.3 
│ │ ├── once@1.4.0 
│ │ └── path-is-absolute@1.0.1 
│ ├─┬ http-proxy@1.15.2 
│ │ ├── eventemitter3@1.2.0 
│ │ └── requires-port@1.0.0 
│ ├── inflection@1.10.0 
│ ├─┬ inquirer@1.2.2 
│ │ ├── ansi-escapes@1.4.0 
│ │ ├─┬ cli-cursor@1.0.2 
│ │ │ └─┬ restore-cursor@1.0.1 
│ │ │   ├── exit-hook@1.1.1 
│ │ │   └── onetime@1.1.0 
│ │ ├── cli-width@2.1.0 
│ │ ├─┬ external-editor@1.1.1 
│ │ │ ├─┬ spawn-sync@1.0.15 
│ │ │ │ ├─┬ concat-stream@1.5.2 
│ │ │ │ │ ├─┬ readable-stream@2.0.6 
│ │ │ │ │ │ └── isarray@1.0.0 
│ │ │ │ │ └── typedarray@0.0.6 
│ │ │ │ └── os-shim@0.1.3 
│ │ │ └── tmp@0.0.29 
│ │ ├── figures@1.7.0 
│ │ ├── lodash@4.16.6 
│ │ ├── mute-stream@0.0.6 
│ │ ├─┬ run-async@2.2.0 
│ │ │ └── is-promise@2.1.0 
│ │ ├── rx@4.1.0 
│ │ └─┬ string-width@1.0.2 
│ │   ├─┬ code-point-at@1.0.1 
│ │   │ └── number-is-nan@1.0.1 
│ │   └── is-fullwidth-code-point@1.0.0 
│ ├── is-git-url@0.2.3 
│ ├── isbinaryfile@3.0.1 
│ ├─┬ leek@0.0.22 
│ │ ├─┬ lodash.assign@3.2.0 
│ │ │ ├─┬ lodash._baseassign@3.2.0 
│ │ │ │ └── lodash._basecopy@3.0.1 
│ │ │ ├─┬ lodash._createassigner@3.1.1 
│ │ │ │ ├── lodash._bindcallback@3.0.1 
│ │ │ │ ├── lodash._isiterateecall@3.0.9 
│ │ │ │ └── lodash.restparam@3.6.1 
│ │ │ └── lodash.keys@3.1.2 
│ │ └─┬ request@2.76.0 
│ │   ├── aws-sign2@0.6.0 
│ │   ├── aws4@1.5.0 
│ │   ├── caseless@0.11.0 
│ │   ├─┬ combined-stream@1.0.5 
│ │   │ └── delayed-stream@1.0.0 
│ │   ├── forever-agent@0.6.1 
│ │   ├─┬ form-data@2.1.1 
│ │   │ └── asynckit@0.4.0 
│ │   ├─┬ har-validator@2.0.6 
│ │   │ └─┬ is-my-json-valid@2.15.0 
│ │   │   ├── generate-function@2.0.0 
│ │   │   ├─┬ generate-object-property@1.2.0 
│ │   │   │ └── is-property@1.0.2 
│ │   │   └── jsonpointer@4.0.0 
│ │   ├─┬ hawk@3.1.3 
│ │   │ ├── boom@2.10.1 
│ │   │ ├── cryptiles@2.0.5 
│ │   │ ├── hoek@2.16.3 
│ │   │ └── sntp@1.0.9 
│ │   ├─┬ http-signature@1.1.1 
│ │   │ ├── assert-plus@0.2.0 
│ │   │ ├─┬ jsprim@1.3.1 
│ │   │ │ ├── extsprintf@1.0.2 
│ │   │ │ ├── json-schema@0.2.3 
│ │   │ │ └── verror@1.3.6 
│ │   │ └─┬ sshpk@1.10.1 
│ │   │   ├── asn1@0.2.3 
│ │   │   ├── assert-plus@1.0.0 
│ │   │   ├── bcrypt-pbkdf@1.0.0 
│ │   │   ├─┬ dashdash@1.14.0 
│ │   │   │ └── assert-plus@1.0.0 
│ │   │   ├── ecc-jsbn@0.1.1 
│ │   │   ├─┬ getpass@0.1.6 
│ │   │   │ └── assert-plus@1.0.0 
│ │   │   ├── jodid25519@1.0.2 
│ │   │   ├── jsbn@0.1.0 
│ │   │   └── tweetnacl@0.14.3 
│ │   ├── is-typedarray@1.0.0 
│ │   ├── isstream@0.1.2 
│ │   ├── json-stringify-safe@5.0.1 
│ │   ├── oauth-sign@0.8.2 
│ │   ├── qs@6.3.0 
│ │   ├── stringstream@0.0.5 
│ │   ├─┬ tough-cookie@2.3.2 
│ │   │ └── punycode@1.4.1 
│ │   └── tunnel-agent@0.4.3 
│ ├── lodash@4.16.6 
│ ├─┬ lodash.template@4.4.0 
│ │ ├── lodash._reinterpolate@3.0.0 
│ │ └── lodash.templatesettings@4.1.0 
│ ├─┬ markdown-it@7.0.0 
│ │ ├─┬ argparse@1.0.9 
│ │ │ └── sprintf-js@1.0.3 
│ │ ├── entities@1.1.1 
│ │ ├── linkify-it@2.0.2 
│ │ ├── mdurl@1.0.1 
│ │ └── uc.micro@1.0.3 
│ ├─┬ markdown-it-terminal@0.0.3 
│ │ ├─┬ cardinal@0.5.0 
│ │ │ ├── ansicolors@0.2.1 
│ │ │ └─┬ redeyed@0.5.0 
│ │ │   └── esprima-fb@12001.1.0-dev-harmony-fb 
│ │ ├─┬ cli-table@0.3.1 
│ │ │ └── colors@1.0.3 
│ │ ├─┬ lodash.merge@3.3.2 
│ │ │ ├── lodash._arraycopy@3.0.0 
│ │ │ ├── lodash._arrayeach@3.0.0 
│ │ │ ├── lodash._getnative@3.9.1 
│ │ │ ├── lodash.isarguments@3.1.0 
│ │ │ ├── lodash.isarray@3.0.4 
│ │ │ ├─┬ lodash.isplainobject@3.2.0 
│ │ │ │ └── lodash._basefor@3.0.3 
│ │ │ ├── lodash.istypedarray@3.0.6 
│ │ │ ├── lodash.keysin@3.0.8 
│ │ │ └── lodash.toplainobject@3.0.0 
│ │ └─┬ markdown-it@4.4.0 
│ │   └── linkify-it@1.2.4 
│ ├─┬ minimatch@3.0.3 
│ │ └─┬ brace-expansion@1.1.6 
│ │   ├── balanced-match@0.4.2 
│ │   └── concat-map@0.0.1 
│ ├─┬ morgan@1.7.0 
│ │ └── basic-auth@1.0.4 
│ ├── node-modules-path@1.0.1 
│ ├── node-uuid@1.4.7 
│ ├─┬ nopt@3.0.6 
│ │ └── abbrev@1.0.9 
│ ├─┬ npm@2.15.5 
│ │ ├── abbrev@1.0.7 
│ │ ├── ansi@0.3.1 
│ │ ├── ansi-regex@2.0.0 
│ │ ├── ansicolors@0.3.2 
│ │ ├── ansistyles@0.1.3 
│ │ ├── archy@1.0.0 
│ │ ├── async-some@1.0.2 
│ │ ├── block-stream@0.0.9 
│ │ ├── char-spinner@1.0.1 
│ │ ├── chmodr@1.0.2 
│ │ ├── chownr@1.0.1 
│ │ ├── cmd-shim@2.0.2 
│ │ ├─┬ columnify@1.5.4 
│ │ │ └─┬ wcwidth@1.0.0 
│ │ │   └─┬ defaults@1.0.3 
│ │ │     └── clone@1.0.2 
│ │ ├─┬ config-chain@1.1.10 
│ │ │ └── proto-list@1.2.4 
│ │ ├─┬ dezalgo@1.0.3 
│ │ │ └── asap@2.0.3 
│ │ ├── editor@1.0.0 
│ │ ├── fs-vacuum@1.2.9 
│ │ ├─┬ fs-write-stream-atomic@1.0.8 
│ │ │ └── iferr@0.1.5 
│ │ ├── fstream@1.0.8 
│ │ ├─┬ fstream-npm@1.0.7 
│ │ │ └── fstream-ignore@1.0.3 
│ │ ├── github-url-from-git@1.4.0 
│ │ ├── github-url-from-username-repo@1.0.2 
│ │ ├─┬ glob@7.0.3 
│ │ │ └── path-is-absolute@1.0.0 
│ │ ├── graceful-fs@4.1.4 
│ │ ├── hosted-git-info@2.1.4 
│ │ ├── imurmurhash@0.1.4 
│ │ ├── inflight@1.0.4 
│ │ ├── inherits@2.0.1 
│ │ ├── ini@1.3.4 
│ │ ├─┬ init-package-json@1.9.3 
│ │ │ ├─┬ glob@6.0.4 
│ │ │ │ └── path-is-absolute@1.0.0 
│ │ │ └── promzard@0.3.0 
│ │ ├── lockfile@1.0.1 
│ │ ├─┬ lru-cache@4.0.1 
│ │ │ ├── pseudomap@1.0.2 
│ │ │ └── yallist@2.0.0 
│ │ ├─┬ minimatch@3.0.0 
│ │ │ └─┬ brace-expansion@1.1.1 
│ │ │   ├── balanced-match@0.2.1 
│ │ │   └── concat-map@0.0.1 
│ │ ├─┬ mkdirp@0.5.1 
│ │ │ └── minimist@0.0.8 
│ │ ├─┬ node-gyp@3.3.1 
│ │ │ ├─┬ glob@4.5.3 
│ │ │ │ └─┬ minimatch@2.0.10 
│ │ │ │   └─┬ brace-expansion@1.1.3 
│ │ │ │     ├── balanced-match@0.3.0 
│ │ │ │     └── concat-map@0.0.1 
│ │ │ ├─┬ minimatch@1.0.0 
│ │ │ │ ├── lru-cache@2.7.3 
│ │ │ │ └── sigmund@1.0.1 
│ │ │ └─┬ path-array@1.0.1 
│ │ │   └─┬ array-index@1.0.0 
│ │ │     ├─┬ debug@2.2.0 
│ │ │     │ └── ms@0.7.1 
│ │ │     └─┬ es6-symbol@3.0.2 
│ │ │       ├── d@0.1.1 
│ │ │       └─┬ es5-ext@0.10.11 
│ │ │         └── es6-iterator@2.0.0 
│ │ ├── nopt@3.0.6 
│ │ ├── normalize-git-url@3.0.2 
│ │ ├─┬ normalize-package-data@2.3.5 
│ │ │ └─┬ is-builtin-module@1.0.0 
│ │ │   └── builtin-modules@1.1.0 
│ │ ├── npm-cache-filename@1.0.2 
│ │ ├── npm-install-checks@1.0.7 
│ │ ├── npm-package-arg@4.1.0 
│ │ ├─┬ npm-registry-client@7.1.0 
│ │ │ ├─┬ concat-stream@1.5.1 
│ │ │ │ ├─┬ readable-stream@2.0.5 
│ │ │ │ │ ├── core-util-is@1.0.2 
│ │ │ │ │ ├── isarray@0.0.1 
│ │ │ │ │ ├── process-nextick-args@1.0.6 
│ │ │ │ │ ├── string_decoder@0.10.31 
│ │ │ │ │ └── util-deprecate@1.0.2 
│ │ │ │ └── typedarray@0.0.6 
│ │ │ └── retry@0.8.0 
│ │ ├── npm-user-validate@0.1.2 
│ │ ├─┬ npmlog@2.0.3 
│ │ │ ├─┬ are-we-there-yet@1.1.2 
│ │ │ │ └── delegates@1.0.0 
│ │ │ └─┬ gauge@1.2.7 
│ │ │   ├── has-unicode@2.0.0 
│ │ │   ├─┬ lodash.pad@4.1.0 
│ │ │   │ ├── lodash.repeat@4.0.2 
│ │ │   │ └── lodash.tostring@4.1.2 
│ │ │   ├── lodash.padend@4.2.0 
│ │ │   └── lodash.padstart@4.2.0 
│ │ ├── once@1.3.3 
│ │ ├── opener@1.4.1 
│ │ ├─┬ osenv@0.1.3 
│ │ │ ├── os-homedir@1.0.0 
│ │ │ └── os-tmpdir@1.0.1 
│ │ ├── path-is-inside@1.0.1 
│ │ ├─┬ read@1.0.7 
│ │ │ └── mute-stream@0.0.5 
│ │ ├─┬ read-installed@4.0.3 
│ │ │ ├── debuglog@1.0.1 
│ │ │ ├── readdir-scoped-modules@1.0.2 
│ │ │ └── util-extend@1.0.1 
│ │ ├─┬ read-package-json@2.0.4 
│ │ │ ├─┬ glob@6.0.4 
│ │ │ │ └── path-is-absolute@1.0.0 
│ │ │ └─┬ json-parse-helpfulerror@1.0.3 
│ │ │   └── jju@1.3.0 
│ │ ├─┬ readable-stream@2.1.2 
│ │ │ ├── core-util-is@1.0.2 
│ │ │ ├── isarray@1.0.0 
│ │ │ ├── process-nextick-args@1.0.7 
│ │ │ ├── string_decoder@0.10.31 
│ │ │ └── util-deprecate@1.0.2 
│ │ ├─┬ realize-package-specifier@3.0.3 
│ │ │ └── npm-package-arg@4.1.1 
│ │ ├─┬ request@2.72.0 
│ │ │ ├── aws-sign2@0.6.0 
│ │ │ ├── aws4@1.3.2 
│ │ │ ├─┬ bl@1.1.2 
│ │ │ │ └─┬ readable-stream@2.0.6 
│ │ │ │   ├── core-util-is@1.0.2 
│ │ │ │   ├── isarray@1.0.0 
│ │ │ │   ├── process-nextick-args@1.0.7 
│ │ │ │   ├── string_decoder@0.10.31 
│ │ │ │   └── util-deprecate@1.0.2 
│ │ │ ├── caseless@0.11.0 
│ │ │ ├─┬ combined-stream@1.0.5 
│ │ │ │ └── delayed-stream@1.0.0 
│ │ │ ├── extend@3.0.0 
│ │ │ ├── forever-agent@0.6.1 
│ │ │ ├─┬ form-data@1.0.0-rc4 
│ │ │ │ └── async@1.5.2 
│ │ │ ├─┬ har-validator@2.0.6 
│ │ │ │ ├─┬ chalk@1.1.3 
│ │ │ │ │ ├── ansi-styles@2.2.1 
│ │ │ │ │ ├── escape-string-regexp@1.0.5 
│ │ │ │ │ ├── has-ansi@2.0.0 
│ │ │ │ │ └── supports-color@2.0.0 
│ │ │ │ ├─┬ commander@2.9.0 
│ │ │ │ │ └── graceful-readlink@1.0.1 
│ │ │ │ ├─┬ is-my-json-valid@2.13.1 
│ │ │ │ │ ├── generate-function@2.0.0 
│ │ │ │ │ ├─┬ generate-object-property@1.2.0 
│ │ │ │ │ │ └── is-property@1.0.2 
│ │ │ │ │ ├── jsonpointer@2.0.0 
│ │ │ │ │ └── xtend@4.0.1 
│ │ │ │ └─┬ pinkie-promise@2.0.1 
│ │ │ │   └── pinkie@2.0.4 
│ │ │ ├─┬ hawk@3.1.3 
│ │ │ │ ├── boom@2.10.1 
│ │ │ │ ├── cryptiles@2.0.5 
│ │ │ │ ├── hoek@2.16.3 
│ │ │ │ └── sntp@1.0.9 
│ │ │ ├─┬ http-signature@1.1.1 
│ │ │ │ ├── assert-plus@0.2.0 
│ │ │ │ ├─┬ jsprim@1.2.2 
│ │ │ │ │ ├── extsprintf@1.0.2 
│ │ │ │ │ ├── json-schema@0.2.2 
│ │ │ │ │ └── verror@1.3.6 
│ │ │ │ └─┬ sshpk@1.8.3 
│ │ │ │   ├── asn1@0.2.3 
│ │ │ │   ├── assert-plus@1.0.0 
│ │ │ │   ├── dashdash@1.13.1 
│ │ │ │   ├── ecc-jsbn@0.1.1 
│ │ │ │   ├── getpass@0.1.6 
│ │ │ │   ├── jodid25519@1.0.2 
│ │ │ │   ├── jsbn@0.1.0 
│ │ │ │   └── tweetnacl@0.13.3 
│ │ │ ├── is-typedarray@1.0.0 
│ │ │ ├── isstream@0.1.2 
│ │ │ ├── json-stringify-safe@5.0.1 
│ │ │ ├─┬ mime-types@2.1.11 
│ │ │ │ └── mime-db@1.23.0 
│ │ │ ├── node-uuid@1.4.7 
│ │ │ ├── oauth-sign@0.8.2 
│ │ │ ├── qs@6.1.0 
│ │ │ ├── stringstream@0.0.5 
│ │ │ ├── tough-cookie@2.2.2 
│ │ │ └── tunnel-agent@0.4.3 
│ │ ├── retry@0.9.0 
│ │ ├─┬ rimraf@2.5.2 
│ │ │ └─┬ glob@7.0.0 
│ │ │   └── path-is-absolute@1.0.0 
│ │ ├── semver@5.1.0 
│ │ ├─┬ sha@2.0.1 
│ │ │ └─┬ readable-stream@2.0.2 
│ │ │   ├── core-util-is@1.0.1 
│ │ │   ├── isarray@0.0.1 
│ │ │   ├── process-nextick-args@1.0.3 
│ │ │   ├── string_decoder@0.10.31 
│ │ │   └── util-deprecate@1.0.1 
│ │ ├── slide@1.1.6 
│ │ ├── sorted-object@2.0.0 
│ │ ├── spdx-license-ids@1.2.1 
│ │ ├── strip-ansi@3.0.1 
│ │ ├── tar@2.2.1 
│ │ ├── text-table@0.2.0 
│ │ ├── uid-number@0.0.6 
│ │ ├── umask@1.1.0 
│ │ ├─┬ validate-npm-package-license@3.0.1 
│ │ │ ├── spdx-correct@1.0.2 
│ │ │ └─┬ spdx-expression-parse@1.0.2 
│ │ │   └── spdx-exceptions@1.0.4 
│ │ ├─┬ validate-npm-package-name@2.2.2 
│ │ │ └── builtins@0.0.7 
│ │ ├─┬ which@1.2.8 
│ │ │ ├─┬ is-absolute@0.1.7 
│ │ │ │ └── is-relative@0.1.3 
│ │ │ └── isexe@1.1.2 
│ │ ├── wrappy@1.0.1 
│ │ └── write-file-atomic@1.1.4 
│ ├─┬ npm-package-arg@4.2.0 
│ │ ├── hosted-git-info@2.1.5 
│ │ └── semver@5.3.0 
│ ├─┬ ora@0.2.3 
│ │ └── cli-spinners@0.1.2 
│ ├─┬ portfinder@1.0.9 
│ │ └── async@1.5.2 
│ ├── promise-map-series@0.2.3 
│ ├─┬ quick-temp@0.1.5 
│ │ ├── mktemp@0.3.5 
│ │ ├── rimraf@2.2.8 
│ │ └── underscore.string@2.3.3 
│ ├── resolve@1.1.7 
│ ├─┬ sane@1.4.1 
│ │ ├── exec-sh@0.2.0 
│ │ ├─┬ fb-watchman@1.9.0 
│ │ │ └─┬ bser@1.0.2 
│ │ │   └── node-int64@0.4.0 
│ │ ├── minimist@1.2.0 
│ │ ├─┬ walker@1.0.7 
│ │ │ └─┬ makeerror@1.0.11 
│ │ │   └── tmpl@1.0.4 
│ │ └── watch@0.10.0 
│ ├── semver@5.3.0 
│ ├── silent-error@1.0.1 
│ ├── symlink-or-copy@1.1.6 
│ ├─┬ temp@0.8.3 
│ │ └── rimraf@2.2.8 
│ ├─┬ testem@1.13.0 
│ │ ├─┬ backbone@1.3.3 
│ │ │ └── underscore@1.8.3 
│ │ ├── bluebird@3.4.6 
│ │ ├── charm@1.0.1 
│ │ ├─┬ consolidate@0.14.1 
│ │ │ └── bluebird@3.4.6 
│ │ ├─┬ cross-spawn@4.0.2 
│ │ │ ├─┬ lru-cache@4.0.1 
│ │ │ │ ├── pseudomap@1.0.2 
│ │ │ │ └── yallist@2.0.0 
│ │ │ └─┬ which@1.2.11 
│ │ │   └── isexe@1.1.2 
│ │ ├── did_it_work@0.0.6 
│ │ ├─┬ fireworm@0.7.1 
│ │ │ ├── async@0.2.10 
│ │ │ ├─┬ is-type@0.0.1 
│ │ │ │ └── core-util-is@1.0.2 
│ │ │ ├── lodash.debounce@3.1.1 
│ │ │ └─┬ lodash.flatten@3.0.2 
│ │ │   └── lodash._baseflatten@3.1.4 
│ │ ├── glob@7.1.1 
│ │ ├─┬ js-yaml@3.6.1 
│ │ │ └── esprima@2.7.3 
│ │ ├── lodash.assignin@4.2.0 
│ │ ├── lodash.clonedeep@4.5.0 
│ │ ├── lodash.find@4.6.0 
│ │ ├── mustache@2.2.1 
│ │ ├─┬ node-notifier@4.6.1 
│ │ │ ├─┬ cli-usage@0.1.4 
│ │ │ │ ├── marked@0.3.6 
│ │ │ │ └─┬ marked-terminal@1.7.0 
│ │ │ │   ├─┬ cardinal@1.0.0 
│ │ │ │   │ └─┬ redeyed@1.0.1 
│ │ │ │   │   └── esprima@3.0.0 
│ │ │ │   ├── lodash.assign@4.2.0 
│ │ │ │   └─┬ node-emoji@1.4.1 
│ │ │ │     └── string.prototype.codepointat@0.2.0 
│ │ │ ├── growly@1.3.0 
│ │ │ ├─┬ lodash.clonedeep@3.0.2 
│ │ │ │ └── lodash._baseclone@3.3.0 
│ │ │ ├── minimist@1.2.0 
│ │ │ ├── semver@5.3.0 
│ │ │ └── shellwords@0.1.0 
│ │ ├─┬ npmlog@4.0.0 
│ │ │ ├─┬ are-we-there-yet@1.1.2 
│ │ │ │ ├── delegates@1.0.0 
│ │ │ │ └─┬ readable-stream@2.1.5 
│ │ │ │   └── isarray@1.0.0 
│ │ │ ├── console-control-strings@1.1.0 
│ │ │ ├─┬ gauge@2.6.0 
│ │ │ │ ├── aproba@1.0.4 
│ │ │ │ ├── has-unicode@2.0.1 
│ │ │ │ ├── signal-exit@3.0.1 
│ │ │ │ └── wide-align@1.1.0 
│ │ │ └── set-blocking@2.0.0 
│ │ ├── printf@0.2.5 
│ │ ├─┬ socket.io@1.5.0 
│ │ │ ├─┬ engine.io@1.7.0 
│ │ │ │ ├── base64id@0.1.0 
│ │ │ │ ├─┬ engine.io-parser@1.3.0 
│ │ │ │ │ ├── after@0.8.1 
│ │ │ │ │ ├── arraybuffer.slice@0.0.6 
│ │ │ │ │ ├── base64-arraybuffer@0.1.5 
│ │ │ │ │ ├── blob@0.0.4 
│ │ │ │ │ ├── has-binary@0.1.6 
│ │ │ │ │ └── wtf-8@1.0.0 
│ │ │ │ └─┬ ws@1.1.1 
│ │ │ │   ├── options@0.0.6 
│ │ │ │   └── ultron@1.0.2 
│ │ │ ├─┬ has-binary@0.1.7 
│ │ │ │ └── isarray@0.0.1 
│ │ │ ├─┬ socket.io-adapter@0.4.0 
│ │ │ │ └─┬ socket.io-parser@2.2.2 
│ │ │ │   ├── debug@0.7.4 
│ │ │ │   └── json3@3.2.6 
│ │ │ ├─┬ socket.io-client@1.5.0 
│ │ │ │ ├── backo2@1.0.2 
│ │ │ │ ├── component-bind@1.0.0 
│ │ │ │ ├── component-emitter@1.2.0 
│ │ │ │ ├─┬ engine.io-client@1.7.0 
│ │ │ │ │ ├── component-inherit@0.0.3 
│ │ │ │ │ ├── has-cors@1.1.0 
│ │ │ │ │ ├── parsejson@0.0.1 
│ │ │ │ │ ├── parseqs@0.0.2 
│ │ │ │ │ ├── xmlhttprequest-ssl@1.5.1 
│ │ │ │ │ └── yeast@0.1.2 
│ │ │ │ ├── indexof@0.0.1 
│ │ │ │ ├── object-component@0.0.3 
│ │ │ │ ├─┬ parseuri@0.0.4 
│ │ │ │ │ └─┬ better-assert@1.0.2 
│ │ │ │ │   └── callsite@1.0.0 
│ │ │ │ └── to-array@0.1.4 
│ │ │ └─┬ socket.io-parser@2.2.6 
│ │ │   ├── benchmark@1.0.0 
│ │ │   ├── component-emitter@1.1.2 
│ │ │   └── json3@3.3.2 
│ │ ├── spawn-args@0.2.0 
│ │ ├── styled_string@0.0.1 
│ │ ├─┬ tap-parser@1.3.2 
│ │ │ ├── events-to-array@1.0.2 
│ │ │ └─┬ readable-stream@2.1.5 
│ │ │   ├── buffer-shims@1.0.0 
│ │ │   ├── isarray@1.0.0 
│ │ │   ├── process-nextick-args@1.0.7 
│ │ │   ├── string_decoder@0.10.31 
│ │ │   └── util-deprecate@1.0.2 
│ │ └── xmldom@0.1.22 
│ ├── through@2.3.8 
│ ├─┬ tiny-lr@0.2.1 
│ │ ├─┬ body-parser@1.14.2 
│ │ │ ├── bytes@2.2.0 
│ │ │ ├── http-errors@1.3.1 
│ │ │ ├── iconv-lite@0.4.13 
│ │ │ ├── qs@5.2.0 
│ │ │ └─┬ raw-body@2.1.7 
│ │ │   └── bytes@2.4.0 
│ │ ├─┬ faye-websocket@0.10.0 
│ │ │ └─┬ websocket-driver@0.6.5 
│ │ │   └── websocket-extensions@0.1.1 
│ │ ├── livereload-js@2.2.2 
│ │ └── qs@5.1.0 
│ ├─┬ tree-sync@1.1.4 
│ │ └── walk-sync@0.2.7 
│ ├── walk-sync@0.2.7 
│ └─┬ yam@0.0.21 
│   └─┬ findup@0.1.5 
│     ├── colors@0.6.2 
│     └── commander@2.1.0 
├─┬ ember-cli-app-version@1.0.1 
│ └── git-repo-version@0.3.0 
├─┬ ember-cli-babel@5.1.10 
│ ├── clone@1.0.2 
│ └── ember-cli-version-checker@1.1.7 
├─┬ ember-cli-dependency-checker@1.3.0 
│ ├─┬ chalk@0.5.1 
│ │ ├── ansi-styles@1.1.0 
│ │ ├─┬ has-ansi@0.1.0 
│ │ │ └── ansi-regex@0.2.1 
│ │ ├── strip-ansi@0.3.0 
│ │ └── supports-color@0.2.0 
│ ├── is-git-url@0.2.0 
│ └── semver@4.3.6 
├─┬ ember-cli-htmlbars@1.1.0 
│ ├─┬ broccoli-persistent-filter@1.2.11 
│ │ ├─┬ async-disk-cache@1.0.9 
│ │ │ └─┬ istextorbinary@2.1.0 
│ │ │   ├── binaryextensions@2.0.0 
│ │ │   ├── editions@1.3.1 
│ │ │   └── textextensions@2.0.1 
│ │ └─┬ md5-hex@1.3.0 
│ │   └── md5-o-matic@0.1.1 
│ ├── hash-for-dep@1.0.3 
│ └─┬ strip-bom@2.0.0 
│   └── is-utf8@0.2.1 
├─┬ ember-cli-htmlbars-inline-precompile@0.3.5 
│ └── babel-plugin-htmlbars-inline-precompile@0.1.0 
├── ember-cli-inject-live-reload@1.4.1 
├─┬ ember-cli-jshint@1.0.5 
│ └─┬ broccoli-jshint@1.2.0 
│   ├─┬ chalk@0.4.0 
│   │ ├── ansi-styles@1.0.0 
│   │ ├── has-color@0.1.7 
│   │ └── strip-ansi@0.1.1 
│   ├── findup-sync@0.3.0 
│   ├─┬ jshint@2.9.4 
│   │ ├─┬ cli@1.0.1 
│   │ │ └── glob@7.1.1 
│   │ ├─┬ console-browserify@1.1.0 
│   │ │ └── date-now@0.1.4 
│   │ ├─┬ htmlparser2@3.8.3 
│   │ │ ├── domelementtype@1.3.0 
│   │ │ ├── domhandler@2.3.0 
│   │ │ ├─┬ domutils@1.5.1 
│   │ │ │ └─┬ dom-serializer@0.1.0 
│   │ │ │   └── domelementtype@1.1.3 
│   │ │ ├── entities@1.0.0 
│   │ │ └── readable-stream@1.1.14 
│   │ ├── lodash@3.7.0 
│   │ ├── shelljs@0.3.0 
│   │ └── strip-json-comments@1.0.4 
│   └── mkdirp@0.4.2 
├─┬ ember-cli-qunit@2.2.3 
│ ├─┬ ember-qunit@0.4.22 
│ │ └─┬ ember-test-helpers@0.5.34 
│ │   └── klassy@0.1.3 
│ ├── qunit-notifications@0.1.1 
│ └── qunitjs@1.23.1 
├─┬ ember-cli-release@0.2.9 
│ ├─┬ git-tools@0.1.4 
│ │ └── spawnback@1.0.0 
│ ├── make-array@0.1.2 
│ ├── merge@1.2.0 
│ └─┬ moment-timezone@0.3.1 
│   └── moment@2.15.2 
├─┬ ember-cli-sri@2.1.1 
│ └─┬ broccoli-sri-hash@2.1.2 
│   └── sri-toolbox@0.2.0 
├── ember-cli-test-loader@1.1.0 
├─┬ ember-cli-uglify@1.2.0 
│ └─┬ broccoli-uglify-sourcemap@1.4.2 
│   ├── source-map-url@0.3.0 
│   ├─┬ uglify-js@2.7.4 
│   │ ├── async@0.2.10 
│   │ ├── uglify-to-browserify@1.0.2 
│   │ └─┬ yargs@3.10.0 
│   │   ├── camelcase@1.2.1 
│   │   ├─┬ cliui@2.1.0 
│   │   │ ├─┬ center-align@0.1.3 
│   │   │ │ ├─┬ align-text@0.1.4 
│   │   │ │ │ ├─┬ kind-of@3.0.4 
│   │   │ │ │ │ └── is-buffer@1.1.4 
│   │   │ │ │ ├── longest@1.0.1 
│   │   │ │ │ └── repeat-string@1.6.1 
│   │   │ │ └── lazy-cache@1.0.4 
│   │   │ └── right-align@0.1.3 
│   │   ├── decamelize@1.2.0 
│   │   └── window-size@0.1.0 
│   └── walk-sync@0.1.3 
├─┬ ember-data@2.9.0 
│ ├── babel-plugin-feature-flags@0.2.3 
│ ├── babel-plugin-filter-imports@0.2.1 
│ ├─┬ broccoli-file-creator@1.1.1 
│ │ ├── broccoli-kitchen-sink-helpers@0.2.9 
│ │ ├── broccoli-writer@0.1.1 
│ │ └── rsvp@3.0.21 
│ ├── ember-cli-path-utils@1.0.0 
│ ├── ember-cli-test-info@1.0.0 
│ ├── ember-inflector@1.9.6 
│ ├── ember-runtime-enumerable-includes-polyfill@1.0.2 
│ ├── npm-git-info@1.0.3 
│ └── semver@5.3.0 
├─┬ ember-engines@0.3.0 
│ └── lodash@4.16.6 
├── ember-export-application-global@1.1.1 
├── ember-load-initializers@0.5.1 
├── ember-resolver@2.1.0 
├── loader.js@4.0.11 
└── semantic-ui-ember@2.0.0-beta.0 

bower ember-cli-shims#0.1.1     cached https://github.com/ember-cli/ember-cli-shims.git#0.1.1
bower ember-cli-shims#0.1.1   validate 0.1.1 against https://github.com/ember-cli/ember-cli-shims.git#0.1.1
bower ember-qunit-notifications#0.1.0           cached https://github.com/dockyard/ember-qunit-notifications.git#0.1.0
bower ember-qunit-notifications#0.1.0         validate 0.1.0 against https://github.com/dockyard/ember-qunit-notifications.git#0.1.0
bower semantic-ui#^2.2.3                        cached https://github.com/Semantic-Org/Semantic-UI.git#2.2.6
bower semantic-ui#^2.2.3                      validate 2.2.6 against https://github.com/Semantic-Org/Semantic-UI.git#^2.2.3
bower ember#~2.8.1                              cached https://github.com/components/ember.git#2.8.2
bower ember#~2.8.1                            validate 2.8.2 against https://github.com/components/ember.git#~2.8.1
bower ember#>=1.4                               cached https://github.com/components/ember.git#2.9.0
bower ember#>=1.4                             validate 2.9.0 against https://github.com/components/ember.git#>=1.4
bower qunit-notifications#~0.1.0                cached https://github.com/dockyard/qunit-notifications.git#0.1.1
bower qunit-notifications#~0.1.0              validate 0.1.1 against https://github.com/dockyard/qunit-notifications.git#~0.1.0
bower ember#>=1.4                                  new version for https://github.com/components/ember.git#>=1.4
bower ember#>=1.4                              resolve https://github.com/components/ember.git#>=1.4
bower ember#~2.8.1                                 new version for https://github.com/components/ember.git#~2.8.1
bower ember#~2.8.1                             resolve https://github.com/components/ember.git#~2.8.1
bower ember#>=1.4                             checkout 2.9.1
bower ember#~2.8.1                            checkout 2.8.3
bower jquery#>=1.8                              cached https://github.com/jquery/jquery-dist.git#3.1.1
bower jquery#>=1.8                            validate 3.1.1 against https://github.com/jquery/jquery-dist.git#>=1.8
bower ember#>=1.4                         invalid-meta The "main" field has to contain only 1 file per filetype; found multiple .js files: ["./ember.debug.js","./ember-template-compiler.js"]
bower ember#>=1.4                             resolved https://github.com/components/ember.git#2.9.1
bower ember#~2.8.1                        invalid-meta The "main" field has to contain only 1 file per filetype; found multiple .js files: ["./ember.debug.js","./ember-template-compiler.js"]
bower ember#~2.8.1                            resolved https://github.com/components/ember.git#2.8.3
bower ember-cli-shims#0.1.1                    install ember-cli-shims#0.1.1
bower ember-qunit-notifications#0.1.0          install ember-qunit-notifications#0.1.0
bower semantic-ui#^2.2.3                       install semantic-ui#2.2.6
bower qunit-notifications#~0.1.0               install qunit-notifications#0.1.1
bower jquery#>=1.8                             install jquery#3.1.1
bower ember#~2.8.1                             install ember#2.8.3

ember-cli-shims#0.1.1 bower_components/ember-cli-shims
└── ember#2.8.3

ember-qunit-notifications#0.1.0 bower_components/ember-qunit-notifications
└── qunit-notifications#0.1.1

semantic-ui#2.2.6 bower_components/semantic-ui
└── jquery#3.1.1

qunit-notifications#0.1.1 bower_components/qunit-notifications

jquery#3.1.1 bower_components/jquery

ember#2.8.3 bower_components/ember
└── jquery#3.1.1

Installed /home/fv/Code/vegetable-insults-new/.eggs/setuptools_git-1.1-py2.7.egg
running develop
running egg_info
creating solute_vegetable_insults_new.egg-info
writing requirements to solute_vegetable_insults_new.egg-info/requires.txt
writing solute_vegetable_insults_new.egg-info/PKG-INFO
writing top-level names to solute_vegetable_insults_new.egg-info/top_level.txt
writing dependency_links to solute_vegetable_insults_new.egg-info/dependency_links.txt
writing manifest file 'solute_vegetable_insults_new.egg-info/SOURCES.txt'
reading manifest file 'solute_vegetable_insults_new.egg-info/SOURCES.txt'
reading manifest template 'MANIFEST.in'
writing manifest file 'solute_vegetable_insults_new.egg-info/SOURCES.txt'
running build_ext
Creating /home/fv/.virtualenvs/svs/lib/python2.7/site-packages/solute-vegetable-insults-new.egg-link (link to .)
Adding solute-vegetable-insults-new 0.0.0 to easy-install.pth file

Installed /home/fv/Code/vegetable-insults-new
Processing dependencies for solute-vegetable-insults-new==0.0.0
Searching for pyramid_debugtoolbar
Reading https://devpi.production.solutetech.net/solute/development/+simple/pyramid_debugtoolbar/
Authenticating as deploy for https://devpi.production.solutetech.net/solute/development/+simple/pyramid_debugtoolbar/ (from .pypirc)
Downloading https://devpi.production.solutetech.net//root/pypi/+f/aeb/ab8c3bfdc6f89/pyramid_debugtoolbar-3.0.5.tar.gz#md5=aebab8c3bfdc6f89e4d3adc1d126538e
Best match: pyramid-debugtoolbar 3.0.5
Processing pyramid_debugtoolbar-3.0.5.tar.gz
Writing /tmp/easy_install-KIrfcb/pyramid_debugtoolbar-3.0.5/setup.cfg
Running pyramid_debugtoolbar-3.0.5/setup.py -q bdist_egg --dist-dir /tmp/easy_install-KIrfcb/pyramid_debugtoolbar-3.0.5/egg-dist-tmp-nNheRw
creating /home/fv/.virtualenvs/svs/lib/python2.7/site-packages/pyramid_debugtoolbar-3.0.5-py2.7.egg
Extracting pyramid_debugtoolbar-3.0.5-py2.7.egg to /home/fv/.virtualenvs/svs/lib/python2.7/site-packages
Adding pyramid-debugtoolbar 3.0.5 to easy-install.pth file

Installed /home/fv/.virtualenvs/svs/lib/python2.7/site-packages/pyramid_debugtoolbar-3.0.5-py2.7.egg
Searching for pyramid_chameleon
Reading https://devpi.production.solutetech.net/solute/development/+simple/pyramid_chameleon/
Authenticating as deploy for https://devpi.production.solutetech.net/solute/development/+simple/pyramid_chameleon/ (from .pypirc)
Downloading https://devpi.production.solutetech.net//root/pypi/+f/5bb/5938356dfd13f/pyramid_chameleon-0.3.tar.gz#md5=5bb5938356dfd13fce06e095f132e137
Best match: pyramid-chameleon 0.3
Processing pyramid_chameleon-0.3.tar.gz
Writing /tmp/easy_install-csdcDx/pyramid_chameleon-0.3/setup.cfg
Running pyramid_chameleon-0.3/setup.py -q bdist_egg --dist-dir /tmp/easy_install-csdcDx/pyramid_chameleon-0.3/egg-dist-tmp-Lgt71M
creating /home/fv/.virtualenvs/svs/lib/python2.7/site-packages/pyramid_chameleon-0.3-py2.7.egg
Extracting pyramid_chameleon-0.3-py2.7.egg to /home/fv/.virtualenvs/svs/lib/python2.7/site-packages
Adding pyramid-chameleon 0.3 to easy-install.pth file

Installed /home/fv/.virtualenvs/svs/lib/python2.7/site-packages/pyramid_chameleon-0.3-py2.7.egg
Searching for pyramid_mako>=0.3.1
Reading https://devpi.production.solutetech.net/solute/development/+simple/pyramid_mako/
Authenticating as deploy for https://devpi.production.solutetech.net/solute/development/+simple/pyramid_mako/ (from .pypirc)
Downloading https://devpi.production.solutetech.net//root/pypi/+f/ee2/5343a97eb76bd/pyramid_mako-1.0.2.tar.gz#md5=ee25343a97eb76bd90abdc2a774eb48a
Best match: pyramid-mako 1.0.2
Processing pyramid_mako-1.0.2.tar.gz
Writing /tmp/easy_install-QzaNvt/pyramid_mako-1.0.2/setup.cfg
Running pyramid_mako-1.0.2/setup.py -q bdist_egg --dist-dir /tmp/easy_install-QzaNvt/pyramid_mako-1.0.2/egg-dist-tmp-_IGRc3
warning: no files found matching '*.*_tmpl' under directory 'pyramid_mako'
warning: no files found matching '*.ico' under directory 'pyramid_mako'
warning: no files found matching '*.png' under directory 'pyramid_mako'
warning: no files found matching '*.pot' under directory 'pyramid_mako'
warning: no files found matching '*.cfg' under directory 'pyramid_mako'
warning: no files found matching '*.mo' under directory 'pyramid_mako'
warning: no files found matching '*.po' under directory 'pyramid_mako'
warning: no files found matching '*.ini' under directory 'pyramid_mako'
creating /home/fv/.virtualenvs/svs/lib/python2.7/site-packages/pyramid_mako-1.0.2-py2.7.egg
Extracting pyramid_mako-1.0.2-py2.7.egg to /home/fv/.virtualenvs/svs/lib/python2.7/site-packages
Adding pyramid-mako 1.0.2 to easy-install.pth file

Installed /home/fv/.virtualenvs/svs/lib/python2.7/site-packages/pyramid_mako-1.0.2-py2.7.egg
Searching for Chameleon
Reading https://devpi.production.solutetech.net/solute/development/+simple/Chameleon/
Authenticating as deploy for https://devpi.production.solutetech.net/solute/development/+simple/Chameleon/ (from .pypirc)
Downloading https://devpi.production.solutetech.net//root/pypi/+f/ccf/14d7197d29c8e/Chameleon-2.25.tar.gz#md5=ccf14d7197d29c8ea028af8c5f94ad83
Best match: Chameleon 2.25
Processing Chameleon-2.25.tar.gz
Writing /tmp/easy_install-Z89btc/Chameleon-2.25/setup.cfg
Running Chameleon-2.25/setup.py -q bdist_egg --dist-dir /tmp/easy_install-Z89btc/Chameleon-2.25/egg-dist-tmp-OT7ukm
creating /home/fv/.virtualenvs/svs/lib/python2.7/site-packages/Chameleon-2.25-py2.7.egg
Extracting Chameleon-2.25-py2.7.egg to /home/fv/.virtualenvs/svs/lib/python2.7/site-packages
Adding Chameleon 2.25 to easy-install.pth file

Installed /home/fv/.virtualenvs/svs/lib/python2.7/site-packages/Chameleon-2.25-py2.7.egg
Searching for Mako>=0.8
Reading https://devpi.production.solutetech.net/solute/development/+simple/Mako/
Authenticating as deploy for https://devpi.production.solutetech.net/solute/development/+simple/Mako/ (from .pypirc)
Downloading https://devpi.production.solutetech.net//root/pypi/+f/0d0/ce8b3fb0dd683/Mako-1.0.5.tar.gz#md5=0d0ce8b3fb0dd6834efe506c9fd7f2b8
Best match: Mako 1.0.5
Processing Mako-1.0.5.tar.gz
Writing /tmp/easy_install-ybaI1g/Mako-1.0.5/setup.cfg
Running Mako-1.0.5/setup.py -q bdist_egg --dist-dir /tmp/easy_install-ybaI1g/Mako-1.0.5/egg-dist-tmp-af9iJb
warning: no files found matching '*.xml' under directory 'examples'
warning: no files found matching '*.mako' under directory 'examples'
warning: no files found matching 'distribute_setup.py'
warning: no files found matching 'ez_setup.py'
no previously-included directories found matching 'doc/build/output'
creating /home/fv/.virtualenvs/svs/lib/python2.7/site-packages/Mako-1.0.5-py2.7.egg
Extracting Mako-1.0.5-py2.7.egg to /home/fv/.virtualenvs/svs/lib/python2.7/site-packages
Adding Mako 1.0.5 to easy-install.pth file
Installing mako-render script to /home/fv/.virtualenvs/svs/bin

Installed /home/fv/.virtualenvs/svs/lib/python2.7/site-packages/Mako-1.0.5-py2.7.egg
Searching for waitress==0.9.0
Best match: waitress 0.9.0
Adding waitress 0.9.0 to easy-install.pth file
Installing waitress-serve script to /home/fv/.virtualenvs/svs/bin

Using /home/fv/.virtualenvs/svs/lib/python2.7/site-packages
Searching for pyramid-jinja2==2.6.2
Best match: pyramid-jinja2 2.6.2
Processing pyramid_jinja2-2.6.2-py2.7.egg
pyramid-jinja2 2.6.2 is already the active version in easy-install.pth

Using /home/fv/.virtualenvs/svs/lib/python2.7/site-packages/pyramid_jinja2-2.6.2-py2.7.egg
Searching for pyramid==1.7.3
Best match: pyramid 1.7.3
Processing pyramid-1.7.3-py2.7.egg
pyramid 1.7.3 is already the active version in easy-install.pth
Installing ptweens script to /home/fv/.virtualenvs/svs/bin
Installing pdistreport script to /home/fv/.virtualenvs/svs/bin
Installing proutes script to /home/fv/.virtualenvs/svs/bin
Installing pshell script to /home/fv/.virtualenvs/svs/bin
Installing prequest script to /home/fv/.virtualenvs/svs/bin
Installing pviews script to /home/fv/.virtualenvs/svs/bin
Installing pcreate script to /home/fv/.virtualenvs/svs/bin
Installing pserve script to /home/fv/.virtualenvs/svs/bin

Using /home/fv/.virtualenvs/svs/lib/python2.7/site-packages/pyramid-1.7.3-py2.7.egg
Searching for Pygments==2.1.3
Best match: Pygments 2.1.3
Adding Pygments 2.1.3 to easy-install.pth file
Installing pygmentize script to /home/fv/.virtualenvs/svs/bin

Using /home/fv/.virtualenvs/svs/lib/python2.7/site-packages
Searching for repoze.lru==0.6
Best match: repoze.lru 0.6
Processing repoze.lru-0.6-py2.7.egg
repoze.lru 0.6 is already the active version in easy-install.pth

Using /home/fv/.virtualenvs/svs/lib/python2.7/site-packages/repoze.lru-0.6-py2.7.egg
Searching for MarkupSafe==0.23
Best match: MarkupSafe 0.23
Adding MarkupSafe 0.23 to easy-install.pth file

Using /home/fv/.virtualenvs/svs/lib/python2.7/site-packages
Searching for Jinja2==2.7.2
Best match: Jinja2 2.7.2
Adding Jinja2 2.7.2 to easy-install.pth file

Using /home/fv/.virtualenvs/svs/lib/python2.7/site-packages
Searching for zope.deprecation==4.1.2
Best match: zope.deprecation 4.1.2
Processing zope.deprecation-4.1.2-py2.7.egg
zope.deprecation 4.1.2 is already the active version in easy-install.pth

Using /home/fv/.virtualenvs/svs/lib/python2.7/site-packages/zope.deprecation-4.1.2-py2.7.egg
Searching for PasteDeploy==1.5.2
Best match: PasteDeploy 1.5.2
Processing PasteDeploy-1.5.2-py2.7.egg
PasteDeploy 1.5.2 is already the active version in easy-install.pth

Using /home/fv/.virtualenvs/svs/lib/python2.7/site-packages/PasteDeploy-1.5.2-py2.7.egg
Searching for translationstring==1.3
Best match: translationstring 1.3
Processing translationstring-1.3-py2.7.egg
translationstring 1.3 is already the active version in easy-install.pth

Using /home/fv/.virtualenvs/svs/lib/python2.7/site-packages/translationstring-1.3-py2.7.egg
Searching for venusian==1.0
Best match: venusian 1.0
Processing venusian-1.0-py2.7.egg
venusian 1.0 is already the active version in easy-install.pth

Using /home/fv/.virtualenvs/svs/lib/python2.7/site-packages/venusian-1.0-py2.7.egg
Searching for zope.interface==4.3.2
Best match: zope.interface 4.3.2
Processing zope.interface-4.3.2-py2.7-linux-x86_64.egg
zope.interface 4.3.2 is already the active version in easy-install.pth

Using /home/fv/.virtualenvs/svs/lib/python2.7/site-packages/zope.interface-4.3.2-py2.7-linux-x86_64.egg
Searching for WebOb==1.6.1
Best match: WebOb 1.6.1
Adding WebOb 1.6.1 to easy-install.pth file

Using /home/fv/.virtualenvs/svs/lib/python2.7/site-packages
Searching for setuptools==28.0.0
Best match: setuptools 28.0.0
Adding setuptools 28.0.0 to easy-install.pth file
Installing easy_install-3.5 script to /home/fv/.virtualenvs/svs/bin
Installing easy_install script to /home/fv/.virtualenvs/svs/bin

Using /home/fv/.virtualenvs/svs/lib/python2.7/site-packages
Finished processing dependencies for solute-vegetable-insults-new==0.0.0
Requirement already satisfied (use --upgrade to upgrade): solute-python-solute in /home/fv/GIT/solute/infrastructure/python-solute
Requirement already satisfied (use --upgrade to upgrade): fake_factory in /home/fv/.virtualenvs/svs/lib/python2.7/site-packages
Requirement already satisfied (use --upgrade to upgrade): mock in /home/fv/.virtualenvs/svs/lib/python2.7/site-packages
Requirement already satisfied (use --upgrade to upgrade): pytest in /home/fv/.virtualenvs/svs/lib/python2.7/site-packages
Requirement already satisfied (use --upgrade to upgrade): python-dateutil in /home/fv/.virtualenvs/svs/lib/python2.7/site-packages (from solute-python-solute)
Requirement already satisfied (use --upgrade to upgrade): ujson in /home/fv/.virtualenvs/svs/lib/python2.7/site-packages/ujson-1.35-py2.7-linux-x86_64.egg (from solute-python-solute)
Requirement already satisfied (use --upgrade to upgrade): redis<=2.8 in /home/fv/.virtualenvs/svs/lib/python2.7/site-packages/redis-2.8.0-py2.7.egg (from solute-python-solute)
Requirement already satisfied (use --upgrade to upgrade): psycopg2 in /home/fv/.virtualenvs/svs/lib/python2.7/site-packages/psycopg2-2.6.1-py2.7-linux-x86_64.egg (from solute-python-solute)
Requirement already satisfied (use --upgrade to upgrade): pycrypto in /home/fv/.virtualenvs/svs/lib/python2.7/site-packages (from solute-python-solute)
Requirement already satisfied (use --upgrade to upgrade): pycurl in /home/fv/.virtualenvs/svs/lib/python2.7/site-packages/pycurl-7.19.5.1-py2.7-linux-x86_64.egg (from solute-python-solute)
Requirement already satisfied (use --upgrade to upgrade): jsonrpclib-pelix in /home/fv/.virtualenvs/svs/lib/python2.7/site-packages/jsonrpclib_pelix-0.2.6-py2.7.egg (from solute-python-solute)
Requirement already satisfied (use --upgrade to upgrade): wtf in /home/fv/.virtualenvs/svs/lib/python2.7/site-packages/wtf-0.8.29.post1-py2.7-linux-x86_64.egg (from solute-python-solute)
Requirement already satisfied (use --upgrade to upgrade): isodate in /home/fv/.virtualenvs/svs/lib/python2.7/site-packages/isodate-0.5.4-py2.7.egg (from solute-python-solute)
Requirement already satisfied (use --upgrade to upgrade): sqlalchemy in /home/fv/.virtualenvs/svs/lib/python2.7/site-packages (from solute-python-solute)
Requirement already satisfied (use --upgrade to upgrade): lxml in /home/fv/.virtualenvs/svs/lib/python2.7/site-packages/lxml-3.6.4-py2.7-linux-x86_64.egg (from solute-python-solute)
Requirement already satisfied (use --upgrade to upgrade): MySQL-python in /home/fv/.virtualenvs/svs/lib/python2.7/site-packages/MySQL_python-1.2.5-py2.7-linux-x86_64.egg (from solute-python-solute)
Requirement already satisfied (use --upgrade to upgrade): ipaddress in /home/fv/.virtualenvs/svs/lib/python2.7/site-packages (from solute-python-solute)
Requirement already satisfied (use --upgrade to upgrade): six in /home/fv/.virtualenvs/svs/lib/python2.7/site-packages (from fake_factory)
Requirement already satisfied (use --upgrade to upgrade): funcsigs>=1; python_version < "3.3" in /home/fv/.virtualenvs/svs/lib/python2.7/site-packages (from mock)
Requirement already satisfied (use --upgrade to upgrade): pbr>=0.11 in /home/fv/.virtualenvs/svs/lib/python2.7/site-packages (from mock)
Requirement already satisfied (use --upgrade to upgrade): py>=1.4.29 in /home/fv/.virtualenvs/svs/lib/python2.7/site-packages (from pytest)
You are using pip version 8.1.2, however version 9.0.0 is available.
You should consider upgrading via the 'pip install --upgrade pip' command.
